Build started 17-05-2018 17:18:18.
     1>Project "C:\Users\Dell\documents\visual studio 2010\Projects\Packmann\Packmann\Packmann.vcxproj" on node 2 (build target(s)).
     1>InitializeBuildStatus:
         Touching "Debug\Packmann.unsuccessfulbuild".
       ClCompile:
         All outputs are up-to-date.
         c:\Program Files (x86)\Microsoft Visual Studio 10.0\VC\bin\CL.exe /c /ZI /nologo /W3 /WX- /Od /Oy- /D WIN32 /D _DEBUG /D _CONSOLE /D _UNICODE /D UNICODE /Gm /EHsc /RTC1 /MDd /GS /fp:precise /Zc:wchar_t /Zc:forScope /Yu"StdAfx.h" /Fp"Debug\Packmann.pch" /Fo"Debug\\" /Fd"Debug\vc100.pdb" /Gd /TP /analyze- /errorReport:prompt Packmann.cpp
         Packmann.cpp
     1>c:\users\dell\documents\visual studio 2010\projects\packmann\packmann\packmann.cpp(705): warning C4996: 'sprintf': This function or variable may be unsafe. Consider using sprintf_s instead. To disable deprecation, use _CRT_SECURE_NO_WARNINGS. See online help for details.
                 c:\program files (x86)\microsoft visual studio 10.0\vc\include\stdio.h(371) : see declaration of 'sprintf'
     1>c:\users\dell\documents\visual studio 2010\projects\packmann\packmann\packmann.cpp(709): warning C4996: 'sprintf': This function or variable may be unsafe. Consider using sprintf_s instead. To disable deprecation, use _CRT_SECURE_NO_WARNINGS. See online help for details.
                 c:\program files (x86)\microsoft visual studio 10.0\vc\include\stdio.h(371) : see declaration of 'sprintf'
     1>c:\users\dell\documents\visual studio 2010\projects\packmann\packmann\packmann.cpp(713): warning C4996: 'sprintf': This function or variable may be unsafe. Consider using sprintf_s instead. To disable deprecation, use _CRT_SECURE_NO_WARNINGS. See online help for details.
                 c:\program files (x86)\microsoft visual studio 10.0\vc\include\stdio.h(371) : see declaration of 'sprintf'
       ManifestResourceCompile:
         All outputs are up-to-date.
       Link:
         c:\Program Files (x86)\Microsoft Visual Studio 10.0\VC\bin\link.exe /ERRORREPORT:PROMPT /OUT:"C:\Users\Dell\documents\visual studio 2010\Projects\Packmann\Debug\Packmann.exe" /INCREMENTAL /NOLOGO kernel32.lib user32.lib gdi32.lib winspool.lib comdlg32.lib advapi32.lib shell32.lib ole32.lib oleaut32.lib uuid.lib odbc32.lib odbccp32.lib /MANIFEST /ManifestFile:"Debug\Packmann.exe.intermediate.manifest" /MANIFESTUAC:"level='asInvoker' uiAccess='false'" /DEBUG /PDB:"C:\Users\Dell\documents\visual studio 2010\Projects\Packmann\Debug\Packmann.pdb" /SUBSYSTEM:CONSOLE /TLBID:1 /DYNAMICBASE /NXCOMPAT /IMPLIB:"C:\Users\Dell\documents\visual studio 2010\Projects\Packmann\Debug\Packmann.lib" /MACHINE:X86 Debug\Packmann.exe.embed.manifest.res
         Debug\Packmann.obj
         Debug\stdafx.obj
       Manifest:
         c:\Program Files (x86)\Microsoft SDKs\Windows\v7.0A\bin\mt.exe /nologo /verbose /out:"Debug\Packmann.exe.embed.manifest" /manifest Debug\Packmann.exe.intermediate.manifest
         All outputs are up-to-date.
       LinkEmbedManifest:
         All outputs are up-to-date.
         Packmann.vcxproj -> C:\Users\Dell\documents\visual studio 2010\Projects\Packmann\Debug\Packmann.exe
       FinalizeBuildStatus:
         Deleting file "Debug\Packmann.unsuccessfulbuild".
         Touching "Debug\Packmann.lastbuildstate".
     1>Done Building Project "C:\Users\Dell\documents\visual studio 2010\Projects\Packmann\Packmann\Packmann.vcxproj" (build target(s)).

Build succeeded.

Time Elapsed 00:00:01.71
